This file contains any messages produced by compilers while
running configure, to aid debugging if configure makes a mistake.

It was created by SynClustR configure 0.5, which was
generated by GNU Autoconf 2.69.  Invocation command line was

  $ ./configure 

## --------- ##
## Platform. ##
## --------- ##

hostname = abbiejean
uname -m = x86_64
uname -r = 5.3.16-300.fc31.x86_64
uname -s = Linux
uname -v = #1 SMP Fri Dec 13 17:59:04 UTC 2019

/usr/bin/uname -p = x86_64
/bin/uname -X     = unknown

/bin/arch              = x86_64
/usr/bin/arch -k       = unknown
/usr/convex/getsysinfo = unknown
/usr/bin/hostinfo      = unknown
/bin/machine           = unknown
/usr/bin/oslevel       = unknown
/bin/universe          = unknown

PATH: /usr/local/fsl/bin
PATH: /usr/lib64/mpich/bin
PATH: /usr/share/Modules/bin
PATH: /usr/local/bin
PATH: /usr/local/sbin
PATH: /usr/bin
PATH: /usr/sbin
PATH: /home/almodovar/abin
PATH: /home/almodovar/.local/bin
PATH: /home/almodovar/bin
PATH: /home/almodovar/abin
PATH: /home/almodovar/abin


## ----------- ##
## Core tests. ##
## ----------- ##

configure:1775: checking for gcc
configure:1791: found /usr/bin/gcc
configure:1802: result: gcc
configure:2031: checking for C compiler version
configure:2040: gcc --version >&5
gcc (GCC) 9.2.1 20190827 (Red Hat 9.2.1-1)
Copyright (C) 2019 Free Software Foundation, Inc.
This is free software; see the source for copying conditions.  There is NO
warranty; not even for MERCHANTABILITY or FITNESS FOR A PARTICULAR PURPOSE.

configure:2051: $? = 0
configure:2040: gcc -v >&5
Using built-in specs.
COLLECT_GCC=gcc
COLLECT_LTO_WRAPPER=/usr/libexec/gcc/x86_64-redhat-linux/9/lto-wrapper
OFFLOAD_TARGET_NAMES=nvptx-none
OFFLOAD_TARGET_DEFAULT=1
Target: x86_64-redhat-linux
Configured with: ../configure --enable-bootstrap --enable-languages=c,c++,fortran,objc,obj-c++,ada,go,d,lto --prefix=/usr --mandir=/usr/share/man --infodir=/usr/share/info --with-bugurl=http://bugzilla.redhat.com/bugzilla --enable-shared --enable-threads=posix --enable-checking=release --enable-multilib --with-system-zlib --enable-__cxa_atexit --disable-libunwind-exceptions --enable-gnu-unique-object --enable-linker-build-id --with-gcc-major-version-only --with-linker-hash-style=gnu --enable-plugin --enable-initfini-array --with-isl --enable-offload-targets=nvptx-none --without-cuda-driver --enable-gnu-indirect-function --enable-cet --with-tune=generic --with-arch_32=i686 --build=x86_64-redhat-linux
Thread model: posix
gcc version 9.2.1 20190827 (Red Hat 9.2.1-1) (GCC) 
configure:2051: $? = 0
configure:2040: gcc -V >&5
gcc: error: unrecognized command line option '-V'
gcc: fatal error: no input files
compilation terminated.
configure:2051: $? = 1
configure:2040: gcc -qversion >&5
gcc: error: unrecognized command line option '-qversion'; did you mean '--version'?
gcc: fatal error: no input files
compilation terminated.
configure:2051: $? = 1
configure:2071: checking whether the C compiler works
configure:2093: gcc    conftest.c  >&5
configure:2097: $? = 0
configure:2145: result: yes
configure:2148: checking for C compiler default output file name
configure:2150: result: a.out
configure:2156: checking for suffix of executables
configure:2163: gcc -o conftest    conftest.c  >&5
configure:2167: $? = 0
configure:2189: result: 
configure:2211: checking whether we are cross compiling
configure:2219: gcc -o conftest    conftest.c  >&5
configure:2223: $? = 0
configure:2230: ./conftest
configure:2234: $? = 0
configure:2222: result: no
configure:2227: checking for suffix of object files
configure:2249: gcc -c   conftest.c >&5
configure:2253: $? = 0
configure:2274: result: o
configure:2278: checking whether we are using the GNU C compiler
configure:2297: gcc -c   conftest.c >&5
configure:2297: $? = 0
configure:2306: result: yes
configure:2315: checking whether gcc accepts -g
configure:2335: gcc -c -g  conftest.c >&5
configure:2335: $? = 0
configure:2376: result: yes
configure:2393: checking for gcc option to accept ISO C89
configure:2456: gcc  -c -g -O2  conftest.c >&5
configure:2456: $? = 0
configure:2469: result: none needed
configure:2495: checking for gsl-config
configure:2513: found /usr/local/bin/gsl-config
configure:2525: result: /usr/local/bin/gsl-config
configure:2690: creating ./config.status

## ---------------------- ##
## Running config.status. ##
## ---------------------- ##

This file was extended by RcppGSL config.status 0.2.3, which was
generated by GNU Autoconf 2.69.  Invocation command line was

  CONFIG_FILES    = 
  CONFIG_HEADERS  = 
  CONFIG_LINKS    = 
  CONFIG_COMMANDS = 
  $ ./config.status 

on abbiejean

config.status:718: creating src/Makevars

## ---------------- ##
## Cache variables. ##
## ---------------- ##

ac_cv_c_compiler_gnu=yes
ac_cv_env_CC_set=
ac_cv_env_CC_value=
ac_cv_env_CFLAGS_set=
ac_cv_env_CFLAGS_value=
ac_cv_env_CPPFLAGS_set=
ac_cv_env_CPPFLAGS_value=
ac_cv_env_LDFLAGS_set=
ac_cv_env_LDFLAGS_value=
ac_cv_env_LIBS_set=
ac_cv_env_LIBS_value=
ac_cv_env_build_alias_set=
ac_cv_env_build_alias_value=
ac_cv_env_host_alias_set=
ac_cv_env_host_alias_value=
ac_cv_env_target_alias_set=
ac_cv_env_target_alias_value=
ac_cv_objext=o
ac_cv_path_GSL_CONFIG=/usr/local/bin/gsl-config
ac_cv_prog_ac_ct_CC=gcc
ac_cv_prog_cc_c89=
ac_cv_prog_cc_g=yes

## ----------------- ##
## Output variables. ##
## ----------------- ##

CC='gcc'
CFLAGS='-g -O2'
CPPFLAGS=''
DEFS='-DPACKAGE_NAME=\"SynClustR\" -DPACKAGE_TARNAME=\"SynClustR\" -DPACKAGE_VERSION=\"0.5\" -DPACKAGE_STRING=\"SynClustR\ 0.5\" -DPACKAGE_BUGREPORT=\"\" -DPACKAGE_URL=\"\"'
ECHO_C=''
ECHO_N='-n'
ECHO_T=''
EXEEXT=''
GSL_CFLAGS='-I/usr/local/include'
GSL_CONFIG='/usr/local/bin/gsl-config'
GSL_LIBS='-L/usr/local/lib -lgsl -lgslcblas -lm'
LDFLAGS=''
LIBOBJS=''
LIBS=''
LTLIBOBJS=''
OBJEXT='o'
PACKAGE_BUGREPORT=''
PACKAGE_NAME='SynClustR'
PACKAGE_STRING='SynClustR 0.5'
PACKAGE_TARNAME='SynClustR'
PACKAGE_URL=''
PACKAGE_VERSION='0.5'
PATH_SEPARATOR=':'
SHELL='/bin/sh'
ac_ct_CC='gcc'
bindir='${exec_prefix}/bin'
build_alias=''
datadir='${datarootdir}'
datarootdir='${prefix}/share'
docdir='${datarootdir}/doc/${PACKAGE_TARNAME}'
dvidir='${docdir}'
exec_prefix='${prefix}'
host_alias=''
htmldir='${docdir}'
includedir='${prefix}/include'
infodir='${datarootdir}/info'
libdir='${exec_prefix}/lib'
libexecdir='${exec_prefix}/libexec'
localedir='${datarootdir}/locale'
localstatedir='${prefix}/var'
mandir='${datarootdir}/man'
oldincludedir='/usr/include'
pdfdir='${docdir}'
prefix='/usr/local'
program_transform_name='s,x,x,'
psdir='${docdir}'
sbindir='${exec_prefix}/sbin'
sharedstatedir='${prefix}/com'
sysconfdir='${prefix}/etc'
target_alias=''

## ----------- ##
## confdefs.h. ##
## ----------- ##

/* confdefs.h */
#define PACKAGE_NAME "SynClustR"
#define PACKAGE_TARNAME "SynClustR"
#define PACKAGE_VERSION "0.5"
#define PACKAGE_STRING "SynClustR 0.5"
#define PACKAGE_BUGREPORT ""
#define PACKAGE_URL ""

configure: exit 0
